This is pdfTeX, Version 3.1415926-2.4-1.40.13 (TeX Live 2012) (format=latex 2012.6.30)  7 JUL 2014 11:53
entering extended mode
 restricted \write18 enabled.
 %&-line parsing enabled.
**\makeatletter\def\HCode{\futurelet\HCode\HChar}\def\HChar{\ifx"\HCode\def\HCo
de"##1"{\Link##1}\expandafter\HCode\else\expandafter\Link\fi}\def\Link#1.a.b.c.
{\g@addto@macro\@documentclasshook{\RequirePackage[#1,html]{tex4ht}}\let\HCode\
documentstyle\def\documentstyle{\let\documentstyle\HCode\expandafter\def\csname
 tex4ht\endcsname{#1,html}\def\HCode####1{\documentstyle[tex4ht,}\@ifnextchar[{
\HCode}{\documentstyle[tex4ht]}}}\makeatother\HCode .a.b.c.\input

*tui
! I can't find file `tui'.
<*> tui
       
(Press Enter to retry, or Control-D to exit)
Please type another input file name: 
! I can't find file `tui'.
<*> tui
       
(Press Enter to retry, or Control-D to exit)
Please type another input file name: quit
! I can't find file `quit'.
<*> tui
       
(Press Enter to retry, or Control-D to exit)
Please type another input file name: 
! I can't find file `quit'.
<*> tui
       
(Press Enter to retry, or Control-D to exit)
Please type another input file name: 
! I can't find file `quit'.
<*> tui
       
(Press Enter to retry, or Control-D to exit)
Please type another input file name: 
! Emergency stop.
<*> tui
       
End of file on the terminal!

 
Here is how much of TeX's memory you used:
 7 strings out of 493489
 115 string characters out of 3141349
 49432 words of memory out of 3000000
 3415 multiletter control sequences out of 15000+200000
 3640 words of font info for 14 fonts, out of 3000000 for 9000
 957 hyphenation exceptions out of 8191
 4i,0n,3p,10b,8s stack positions out of 5000i,500n,10000p,200000b,50000s
No pages of output.
