This is pdfTeX, Version 3.1415926-2.4-1.40.13 (TeX Live 2012) (format=latex 2012.6.30)  7 JUL 2014 10:39
entering extended mode
 restricted \write18 enabled.
 %&-line parsing enabled.
**\makeatletter\def\HCode{\futurelet\HCode\HChar}\def\HChar{\ifx"\HCode\def\HCo
de"##1"{\Link##1}\expandafter\HCode\else\expandafter\Link\fi}\def\Link#1.a.b.c.
{\g@addto@macro\@documentclasshook{\RequirePackage[#1,html]{tex4ht}}\let\HCode\
documentstyle\def\documentstyle{\let\documentstyle\HCode\expandafter\def\csname
 tex4ht\endcsname{#1,html}\def\HCode####1{\documentstyle[tex4ht,}\@ifnextchar[{
\HCode}{\documentstyle[tex4ht]}}}\makeatother\HCode html,mathplayer,xhtml,mozil
la.a.b.c.\input  ./post.effect.tex
(./post.effect.tex
(/usr/local/texlive/2012/texmf-dist/tex/latex/base/article.cls
Document Class: article 2007/10/19 v1.4h Standard LaTeX document class
(/usr/local/texlive/2012/texmf-dist/tex/latex/base/size12.clo
File: size12.clo 2007/10/19 v1.4h Standard LaTeX file (size option)
)
\c@part=\count79
\c@section=\count80
\c@subsection=\count81
\c@subsubsection=\count82
\c@paragraph=\count83
\c@subparagraph=\count84
\c@figure=\count85
\c@table=\count86
\abovecaptionskip=\skip41
\belowcaptionskip=\skip42
\bibindent=\dimen102
)
(/usr/local/texlive/2012/texmf-dist/tex/generic/tex4ht/tex4ht.sty
version 2008-10-27-17:23
Package: tex4ht 
--------------------------------------
--- Note --- for _ at preamble, use the command line option `early_'
--------------------------------------
--------------------------------------
--- Note --- for ^ at preamble, use the command line option `early^'
--------------------------------------
\tmp:toks=\toks14
)
(/usr/local/texlive/2012/texmf-dist/tex/generic/tex4ht/usepackage.4ht
version 2009-05-21-09:32
)
(/usr/local/texlive/2012/texmf-dist/tex/latex/geometry/geometry.sty
Package: geometry 2010/09/12 v5.6 Page Geometry

(/usr/local/texlive/2012/texmf-dist/tex/latex/graphics/keyval.sty
Package: keyval 1999/03/16 v1.13 key=value parser (DPC)
\KV@toks@=\toks15
)
(/usr/local/texlive/2012/texmf-dist/tex/generic/oberdiek/ifpdf.sty
Package: ifpdf 2011/01/30 v2.3 Provides the ifpdf switch (HO)
Package ifpdf Info: pdfTeX in PDF mode is not detected.
)
(/usr/local/texlive/2012/texmf-dist/tex/generic/oberdiek/ifvtex.sty
Package: ifvtex 2010/03/01 v1.5 Detect VTeX and its facilities (HO)
Package ifvtex Info: VTeX not detected.
)
(/usr/local/texlive/2012/texmf-dist/tex/generic/ifxetex/ifxetex.sty
Package: ifxetex 2010/09/12 v0.6 Provides ifxetex conditional
)
\Gm@cnth=\count87
\Gm@cntv=\count88
\c@Gm@tempcnt=\count89
\Gm@bindingoffset=\dimen103
\Gm@wd@mp=\dimen104
\Gm@odd@mp=\dimen105
\Gm@even@mp=\dimen106
\Gm@layoutwidth=\dimen107
\Gm@layoutheight=\dimen108
\Gm@layouthoffset=\dimen109
\Gm@layoutvoffset=\dimen110
\Gm@dimlist=\toks16
)
(/usr/local/texlive/2012/texmf-dist/tex/latex/amsmath/amsmath.sty
Package: amsmath 2000/07/18 v2.13 AMS math features
\@mathmargin=\skip43

For additional information on amsmath, use the `?' option.
(/usr/local/texlive/2012/texmf-dist/tex/latex/amsmath/amstext.sty
Package: amstext 2000/06/29 v2.01

(/usr/local/texlive/2012/texmf-dist/tex/latex/amsmath/amsgen.sty
File: amsgen.sty 1999/11/30 v2.0
\@emptytoks=\toks17
\ex@=\dimen111
))
(/usr/local/texlive/2012/texmf-dist/tex/latex/amsmath/amsbsy.sty
Package: amsbsy 1999/11/29 v1.2d
\pmbraise@=\dimen112
)
(/usr/local/texlive/2012/texmf-dist/tex/latex/amsmath/amsopn.sty
Package: amsopn 1999/12/14 v2.01 operator names
)
\inf@bad=\count90
LaTeX Info: Redefining \frac on input line 211.
\uproot@=\count91
\leftroot@=\count92
LaTeX Info: Redefining \overline on input line 307.
\classnum@=\count93
\DOTSCASE@=\count94
LaTeX Info: Redefining \ldots on input line 379.
LaTeX Info: Redefining \dots on input line 382.
LaTeX Info: Redefining \cdots on input line 467.
\Mathstrutbox@=\box26
\strutbox@=\box27
\big@size=\dimen113
LaTeX Font Info:    Redeclaring font encoding OML on input line 567.
LaTeX Font Info:    Redeclaring font encoding OMS on input line 568.
\macc@depth=\count95
\c@MaxMatrixCols=\count96
\dotsspace@=\muskip10
\c@parentequation=\count97
\dspbrk@lvl=\count98
\tag@help=\toks18
\row@=\count99
\column@=\count100
\maxfields@=\count101
\andhelp@=\toks19
\eqnshift@=\dimen114
\alignsep@=\dimen115
\tagshift@=\dimen116
\tagwidth@=\dimen117
\totwidth@=\dimen118
\lineht@=\dimen119
\@envbody=\toks20
\multlinegap=\skip44
\multlinetaggap=\skip45
\mathdisplay@stack=\toks21
LaTeX Info: Redefining \[ on input line 2666.
LaTeX Info: Redefining \] on input line 2667.
)
(/usr/local/texlive/2012/texmf-dist/tex/latex/amsfonts/amssymb.sty
Package: amssymb 2009/06/22 v3.00

(/usr/local/texlive/2012/texmf-dist/tex/latex/amsfonts/amsfonts.sty
Package: amsfonts 2009/06/22 v3.00 Basic AMSFonts support
\symAMSa=\mathgroup4
\symAMSb=\mathgroup5
LaTeX Font Info:    Overwriting math alphabet `\mathfrak' in version `bold'
(Font)                  U/euf/m/n --> U/euf/b/n on input line 96.
))
(/usr/local/texlive/2012/texmf-dist/tex/latex/xcolor/xcolor.sty
Package: xcolor 2007/01/21 v2.11 LaTeX color extensions (UK)

(/usr/local/texlive/2012/texmf-dist/tex/latex/latexconfig/color.cfg
File: color.cfg 2007/01/18 v1.5 color configuration of teTeX/TeXLive
)
Package xcolor Info: Driver file: dvips.def on input line 225.

(/usr/local/texlive/2012/texmf-dist/tex/latex/graphics/dvips.def
File: dvips.def 1999/02/16 v3.0i Driver-dependant file (DPC,SPQR)
)
Package xcolor Info: Model `cmy' substituted by `cmy0' on input line 1337.
Package xcolor Info: Model `RGB' extended on input line 1353.
Package xcolor Info: Model `HTML' substituted by `rgb' on input line 1355.
Package xcolor Info: Model `Hsb' substituted by `hsb' on input line 1356.
Package xcolor Info: Model `tHsb' substituted by `hsb' on input line 1357.
Package xcolor Info: Model `HSB' substituted by `hsb' on input line 1358.
Package xcolor Info: Model `Gray' substituted by `gray' on input line 1359.
Package xcolor Info: Model `wave' substituted by `hsb' on input line 1360.
)
(/usr/local/texlive/2012/texmf-dist/tex/latex/colortbl/colortbl.sty
Package: colortbl 2012/02/13 v1.0a Color table columns (DPC)

(/usr/local/texlive/2012/texmf-dist/tex/latex/tools/array.sty
Package: array 2008/09/09 v2.4c Tabular extension package (FMi)
\col@sep=\dimen120
\extrarowheight=\dimen121
\NC@list=\toks22
\extratabsurround=\skip46
\backup@length=\skip47
)
\everycr=\toks23
\minrowclearance=\skip48
)
(/usr/local/texlive/2012/texmf-dist/tex/latex/graphics/graphicx.sty
Package: graphicx 1999/02/16 v1.0f Enhanced LaTeX Graphics (DPC,SPQR)

(/usr/local/texlive/2012/texmf-dist/tex/latex/graphics/graphics.sty
Package: graphics 2009/02/05 v1.0o Standard LaTeX Graphics (DPC,SPQR)

(/usr/local/texlive/2012/texmf-dist/tex/latex/graphics/trig.sty
Package: trig 1999/03/16 v1.09 sin cos tan (DPC)
)
(/usr/local/texlive/2012/texmf-dist/tex/latex/latexconfig/graphics.cfg
File: graphics.cfg 2010/04/23 v1.9 graphics configuration of TeX Live
)
Package graphics Info: Driver file: dvips.def on input line 91.
)
\Gin@req@height=\dimen122
\Gin@req@width=\dimen123
)
(/usr/local/texlive/2012/texmf-dist/tex/latex/natbib/natbib.sty
Package: natbib 2010/09/13 8.31b (PWD, AO)
\bibhang=\skip49
\bibsep=\skip50
LaTeX Info: Redefining \cite on input line 694.
\c@NAT@ctr=\count102
)
(/usr/local/texlive/2012/texmf-dist/tex/generic/tex4ht/tex4ht.4ht
version 2009-01-07-07:11
--------------------------------------
--- Note --- for additional information, use the command line option `info'
--------------------------------------

::::::::::::::::::::::::::::::::::::::::::
 TeX4ht info is available in the log file 
::::::::::::::::::::::::::::::::::::::::::
) (/usr/local/texlive/2012/texmf-dist/tex/generic/tex4ht/tex4ht.sty
version 2008-10-27-17:23

--- needs --- tex4ht post.effect ---
\tmp:cnt=\count103
\openout15 = `post.effect.tmp'.

(./post.effect.tmp)
\tmp:dim=\skip51
 (./post.effect.xref)
\:refout=\write3
\openout3 = `post.effect.xref'.


(/usr/local/texlive/2012/texmf-dist/tex/generic/tex4ht/html4.4ht
version 2009-05-18-23:01
--------------------------------------
--- Note --- to remove the <?xml version=...?> processing instruction use the c
ommand line option `no-VERSION'
--------------------------------------
--------------------------------------
--- Note --- to remove the DOCTYPE declaration use the command line option `no-
DOCTYPE'
--------------------------------------
)
(/usr/local/texlive/2012/texmf-dist/tex/generic/tex4ht/unicode.4ht
version 2010-12-18-17:40
)
(/usr/local/texlive/2012/texmf-dist/tex/generic/tex4ht/mathml.4ht
version 2009-04-18-11:08
)
(/usr/local/texlive/2012/texmf-dist/tex/generic/tex4ht/html-mml.4ht
version 2009-04-18-11:08
)
(/usr/local/texlive/2012/texmf-dist/tex/generic/tex4ht/mozilla.4ht
version 2008-01-02-08:15
)
(/usr/local/texlive/2012/texmf-dist/tex/generic/tex4ht/mathplayer.4ht
version 2008-09-27-22:19
)
--------------------------------------
--- Note --- for marking of the base font, use the command line option `fonts+'

--------------------------------------
--------------------------------------
--- Note --- for non active _, use the command line option `no_'
--------------------------------------
--------------------------------------
--- Note --- for _ of catcode 13, use the command line option `_13'
--------------------------------------
--------------------------------------
--- Note --- for non active ^, use the command line option `no^'
--------------------------------------
--------------------------------------
--- Note --- for ^ of catcode 13, use the command line option `^13'
--------------------------------------

(/usr/local/texlive/2012/texmf-dist/tex/generic/tex4ht/html4.4ht
version 2009-05-18-23:01
--------------------------------------
--- Note --- for alternative charset, use the command line option `charset=...'

--------------------------------------
--------------------------------------
--- Note --- to ignore CSS font decoration, use the `NoFonts' command line opti
on
--------------------------------------
--------------------------------------
--- Note --- for jpg bitmaps of pictures, use the `jpg' command line option. (C
haracter bitmaps are controled only by `g' records of tex4ht.env and `-g' switc
hes of tex4ht.c) 
--------------------------------------
--------------------------------------
--- Note --- for gif bitmaps of pictures, use the `gif' command line option. (C
haracter bitmaps are controled only by `g' records of tex4ht.env and `-g' switc
hes of tex4ht.c) 
--------------------------------------
--------------------------------------
--- Note --- for content and toc in 2 frames, use the command line option `fram
es'
--------------------------------------
--------------------------------------
--- Note --- for content, toc, and footnotes in 3 frames, use the command line 
option `frames-fn'
--------------------------------------
TeX4ht package options: html,mathplayer,xhtml,mozilla,xht
--------------------------------------
--- Note --- to ignore CSS code, use the command line option `-css
--------------------------------------
--------------------------------------
--- Note --- for inline CSS code, use the command line option `css-in'
--------------------------------------
--------------------------------------
--- Note --- for pop ups on mouse over, use the command line option `mouseover'

--------------------------------------
--------------------------------------
--- Note --- for addressing images in a subdirectory, use the command line opti
on `imgdir:.../'
--------------------------------------
)
(/usr/local/texlive/2012/texmf-dist/tex/generic/tex4ht/unicode.4ht
version 2010-12-18-17:40
)
(/usr/local/texlive/2012/texmf-dist/tex/generic/tex4ht/mathml.4ht
version 2009-04-18-11:08
)
(/usr/local/texlive/2012/texmf-dist/tex/generic/tex4ht/html-mml.4ht
version 2009-04-18-11:08
)
(/usr/local/texlive/2012/texmf-dist/tex/generic/tex4ht/mozilla.4ht
version 2008-01-02-08:15
--------------------------------------
--- Note --- For multi-platform MathML through stylesheet transforms, use the c
ommand line option `pmathml'. If css rendering is preferred, use `pmathml-css'.

--------------------------------------
)
(/usr/local/texlive/2012/texmf-dist/tex/generic/tex4ht/mathplayer.4ht
version 2008-09-27-22:19
)
\:tokwrite=\toks24
\:tokpage=\toks25
--------------------------------------
--- Note --- for back links to toc, use the command line option `sections+'
--------------------------------------
--------------------------------------
--- Note --- for linear crosslinks of pages, use the command line option `next'

--------------------------------------
\openout15 = `post.effect.4ct'.

\:tocout=\write4
\openout4 = `post.effect.4tc'.


(/usr/local/texlive/2012/texmf-dist/tex/generic/tex4ht/html4.4ht
version 2009-05-18-23:01
)
(/usr/local/texlive/2012/texmf-dist/tex/generic/tex4ht/unicode.4ht
version 2010-12-18-17:40
)
(/usr/local/texlive/2012/texmf-dist/tex/generic/tex4ht/mathml.4ht
version 2009-04-18-11:08
)
(/usr/local/texlive/2012/texmf-dist/tex/generic/tex4ht/html-mml.4ht
version 2009-04-18-11:08
)
(/usr/local/texlive/2012/texmf-dist/tex/generic/tex4ht/mozilla.4ht
version 2008-01-02-08:15
)
(/usr/local/texlive/2012/texmf-dist/tex/generic/tex4ht/mathplayer.4ht
version 2008-09-27-22:19
)
(/usr/local/texlive/2012/texmf-dist/tex/generic/tex4ht/latex.4ht
version 2009-05-21-09:32
--------------------------------------
--- Note --- for links into captions, instead of float heads, use the command l
ine option `refcaption'
--------------------------------------

(/usr/local/texlive/2012/texmf-dist/tex/generic/tex4ht/html4.4ht
version 2009-05-18-23:01
--------------------------------------
--- Note --- For mini tocs immediately aftter the header use the command line o
ption `minitoc<'
--------------------------------------
--------------------------------------
--- Note --- for enumerated list elements with valued data, use the command lin
e option `enumerate+'
--------------------------------------
--------------------------------------
--- Note --- for enumerated list elements li's with value attributes, use the c
ommand line option `enumerate-'
--------------------------------------
--------------------------------------
--- Note --- for CSS2 code, use the command line option `css2'
--------------------------------------
--------------------------------------
--- Note --- for pictorial tabular, use the command line option `pic-tabular'
--------------------------------------
--------------------------------------
--- Note --- for bitmap fbox'es, use the command line option `pic-fbox'
--------------------------------------
--------------------------------------
--- Note --- for bitmap framebox'es, use the command line option `pic-framebox'

--------------------------------------
--------------------------------------
--- Note --- for inline footnotes use command line option `fn-in'
--------------------------------------
--------------------------------------
--- Note --- for tracing of latex font commands, use the command line option `f
onts'
--------------------------------------
--------------------------------------
--- Note --- for width specifications of tabular p entries, use the `p-width' c
ommand line option or a configuration similar to \Configure{HColWidth}{\HCode{ 
style="width:\HColWidth"}}
--------------------------------------
)
(/usr/local/texlive/2012/texmf-dist/tex/generic/tex4ht/unicode.4ht
version 2010-12-18-17:40
)
(/usr/local/texlive/2012/texmf-dist/tex/generic/tex4ht/mathml.4ht
version 2009-04-18-11:08
)
(/usr/local/texlive/2012/texmf-dist/tex/generic/tex4ht/html-mml.4ht
version 2009-04-18-11:08
)
(/usr/local/texlive/2012/texmf-dist/tex/generic/tex4ht/mozilla.4ht
version 2008-01-02-08:15
)
(/usr/local/texlive/2012/texmf-dist/tex/generic/tex4ht/mathplayer.4ht
version 2008-09-27-22:19
))
(/usr/local/texlive/2012/texmf-dist/tex/generic/tex4ht/fontmath.4ht
version 2009-05-21-09:32

(/usr/local/texlive/2012/texmf-dist/tex/generic/tex4ht/html4.4ht
version 2009-05-18-23:01
)
(/usr/local/texlive/2012/texmf-dist/tex/generic/tex4ht/unicode.4ht
version 2010-12-18-17:40
)
(/usr/local/texlive/2012/texmf-dist/tex/generic/tex4ht/mathml.4ht
version 2009-04-18-11:08
\tmp:bx=\box28
 [1

]
LaTeX Font Info:    Try loading font information for U+msa on input line 1375.

(/usr/local/texlive/2012/texmf-dist/tex/latex/amsfonts/umsa.fd
File: umsa.fd 2009/06/22 v3.00 AMS symbols A
)
LaTeX Font Info:    Try loading font information for U+msb on input line 1375.

(/usr/local/texlive/2012/texmf-dist/tex/latex/amsfonts/umsb.fd
File: umsb.fd 2009/06/22 v3.00 AMS symbols B
) [2] [3]
[4] [5] [6] [7] [8] [9] [10] [11] [12] [13] [14] [15] [16] [17] [18] [19]
[20] [21] [22] [23] [24] [25] [26] [27] [28] [29] [30] [31] [32] [33] [34]
[35] [36] [37] [38] [39] [40] [41] [42] [43] [44] [45] [46] [47] [48]
--------------------------------------
--- Note --- for sources failing to produce clean mathml code, try the command 
line option `mathml-'
--------------------------------------
 [49]
[50] [51] [52] [53])
(/usr/local/texlive/2012/texmf-dist/tex/generic/tex4ht/html-mml.4ht
version 2009-04-18-11:08
)
(/usr/local/texlive/2012/texmf-dist/tex/generic/tex4ht/mozilla.4ht
version 2008-01-02-08:15
 [54]
[55] [56] [57] [58] [59] [60] [61] [62] [63] [64] [65] [66] [67] [68] [69]
[70] [71] [72] [73] [74] [75] [76] [77] [78] [79] [80] [81] [82] [83] [84]
[85] [86] [87] [88] [89] [90] [91] [92] [93] [94] [95] [96] [97] [98] [99]
[100] [101] [102] [103] [104] [105] [106] [107] [108] [109] [110])
(/usr/local/texlive/2012/texmf-dist/tex/generic/tex4ht/mathplayer.4ht
version 2008-09-27-22:19
))
(/usr/local/texlive/2012/texmf-dist/tex/generic/tex4ht/array.4ht
version 2009-05-21-09:32

(/usr/local/texlive/2012/texmf-dist/tex/generic/tex4ht/html4.4ht
version 2009-05-18-23:01
)
(/usr/local/texlive/2012/texmf-dist/tex/generic/tex4ht/unicode.4ht
version 2010-12-18-17:40
)
(/usr/local/texlive/2012/texmf-dist/tex/generic/tex4ht/mathml.4ht
version 2009-04-18-11:08
)
(/usr/local/texlive/2012/texmf-dist/tex/generic/tex4ht/html-mml.4ht
version 2009-04-18-11:08
)
(/usr/local/texlive/2012/texmf-dist/tex/generic/tex4ht/mozilla.4ht
version 2008-01-02-08:15
)
(/usr/local/texlive/2012/texmf-dist/tex/generic/tex4ht/mathplayer.4ht
version 2008-09-27-22:19
))
(/usr/local/texlive/2012/texmf-dist/tex/generic/tex4ht/color.4ht
version 2009-05-21-09:32

(/usr/local/texlive/2012/texmf-dist/tex/generic/tex4ht/html4.4ht
version 2009-05-18-23:01
)
(/usr/local/texlive/2012/texmf-dist/tex/generic/tex4ht/unicode.4ht
version 2010-12-18-17:40
)
(/usr/local/texlive/2012/texmf-dist/tex/generic/tex4ht/mathml.4ht
version 2009-04-18-11:08
)
(/usr/local/texlive/2012/texmf-dist/tex/generic/tex4ht/html-mml.4ht
version 2009-04-18-11:08
)
(/usr/local/texlive/2012/texmf-dist/tex/generic/tex4ht/mozilla.4ht
version 2008-01-02-08:15
)
(/usr/local/texlive/2012/texmf-dist/tex/generic/tex4ht/mathplayer.4ht
version 2008-09-27-22:19
))
(/usr/local/texlive/2012/texmf-dist/tex/generic/tex4ht/colortbl.4ht
version 2009-05-21-09:32

(/usr/local/texlive/2012/texmf-dist/tex/generic/tex4ht/html4.4ht
version 2009-05-18-23:01
)
(/usr/local/texlive/2012/texmf-dist/tex/generic/tex4ht/unicode.4ht
version 2010-12-18-17:40
)
(/usr/local/texlive/2012/texmf-dist/tex/generic/tex4ht/mathml.4ht
version 2009-04-18-11:08
)
(/usr/local/texlive/2012/texmf-dist/tex/generic/tex4ht/html-mml.4ht
version 2009-04-18-11:08
)
(/usr/local/texlive/2012/texmf-dist/tex/generic/tex4ht/mozilla.4ht
version 2008-01-02-08:15
)
(/usr/local/texlive/2012/texmf-dist/tex/generic/tex4ht/mathplayer.4ht
version 2008-09-27-22:19
))
(/usr/local/texlive/2012/texmf-dist/tex/generic/tex4ht/article.4ht
version 2009-05-21-09:32

(/usr/local/texlive/2012/texmf-dist/tex/generic/tex4ht/html4.4ht
version 2009-05-18-23:01
--------------------------------------
--- Note --- for automatic sectioning pagination, use the command line option `
1', `2', `3', '4', '5', '6', or '7'
--------------------------------------
--------------------------------------
--- Note --- for files named derived from section titles, use the command line 
option `sec-filename'
--------------------------------------
--------------------------------------
--- Note --- for i-columns index, use the command line option `index=i' (e.g., 
index=2)
--------------------------------------
)
(/usr/local/texlive/2012/texmf-dist/tex/generic/tex4ht/unicode.4ht
version 2010-12-18-17:40
)
(/usr/local/texlive/2012/texmf-dist/tex/generic/tex4ht/mathml.4ht
version 2009-04-18-11:08
)
(/usr/local/texlive/2012/texmf-dist/tex/generic/tex4ht/html-mml.4ht
version 2009-04-18-11:08
)
(/usr/local/texlive/2012/texmf-dist/tex/generic/tex4ht/mozilla.4ht
version 2008-01-02-08:15
)
(/usr/local/texlive/2012/texmf-dist/tex/generic/tex4ht/mathplayer.4ht
version 2008-09-27-22:19
))
(/usr/local/texlive/2012/texmf-dist/tex/generic/tex4ht/amsmath.4ht
version 2009-05-21-09:32
\tmp:muskip=\muskip11

(/usr/local/texlive/2012/texmf-dist/tex/generic/tex4ht/html4.4ht
version 2009-05-18-23:01
)
(/usr/local/texlive/2012/texmf-dist/tex/generic/tex4ht/unicode.4ht
version 2010-12-18-17:40
)
(/usr/local/texlive/2012/texmf-dist/tex/generic/tex4ht/mathml.4ht
version 2009-04-18-11:08
)
(/usr/local/texlive/2012/texmf-dist/tex/generic/tex4ht/html-mml.4ht
version 2009-04-18-11:08
)
(/usr/local/texlive/2012/texmf-dist/tex/generic/tex4ht/mozilla.4ht
version 2008-01-02-08:15
)
(/usr/local/texlive/2012/texmf-dist/tex/generic/tex4ht/mathplayer.4ht
version 2008-09-27-22:19
))
(/usr/local/texlive/2012/texmf-dist/tex/generic/tex4ht/amstext.4ht
version 2009-05-21-09:32

(/usr/local/texlive/2012/texmf-dist/tex/generic/tex4ht/html4.4ht
version 2009-05-18-23:01
)
(/usr/local/texlive/2012/texmf-dist/tex/generic/tex4ht/unicode.4ht
version 2010-12-18-17:40
)
(/usr/local/texlive/2012/texmf-dist/tex/generic/tex4ht/mathml.4ht
version 2009-04-18-11:08
)
(/usr/local/texlive/2012/texmf-dist/tex/generic/tex4ht/html-mml.4ht
version 2009-04-18-11:08
)
(/usr/local/texlive/2012/texmf-dist/tex/generic/tex4ht/mozilla.4ht
version 2008-01-02-08:15
)
(/usr/local/texlive/2012/texmf-dist/tex/generic/tex4ht/mathplayer.4ht
version 2008-09-27-22:19
))
(/usr/local/texlive/2012/texmf-dist/tex/generic/tex4ht/amsbsy.4ht
version 2009-05-21-09:32

(/usr/local/texlive/2012/texmf-dist/tex/generic/tex4ht/html4.4ht
version 2009-05-18-23:01
)
(/usr/local/texlive/2012/texmf-dist/tex/generic/tex4ht/unicode.4ht
version 2010-12-18-17:40
)
(/usr/local/texlive/2012/texmf-dist/tex/generic/tex4ht/mathml.4ht
version 2009-04-18-11:08
)
(/usr/local/texlive/2012/texmf-dist/tex/generic/tex4ht/html-mml.4ht
version 2009-04-18-11:08
)
(/usr/local/texlive/2012/texmf-dist/tex/generic/tex4ht/mozilla.4ht
version 2008-01-02-08:15
)
(/usr/local/texlive/2012/texmf-dist/tex/generic/tex4ht/mathplayer.4ht
version 2008-09-27-22:19
))
(/usr/local/texlive/2012/texmf-dist/tex/generic/tex4ht/amsopn.4ht
version 2009-05-21-09:32

(/usr/local/texlive/2012/texmf-dist/tex/generic/tex4ht/html4.4ht
version 2009-05-18-23:01
)
(/usr/local/texlive/2012/texmf-dist/tex/generic/tex4ht/unicode.4ht
version 2010-12-18-17:40
)
(/usr/local/texlive/2012/texmf-dist/tex/generic/tex4ht/mathml.4ht
version 2009-04-18-11:08
)
(/usr/local/texlive/2012/texmf-dist/tex/generic/tex4ht/html-mml.4ht
version 2009-04-18-11:08
)
(/usr/local/texlive/2012/texmf-dist/tex/generic/tex4ht/mozilla.4ht
version 2008-01-02-08:15
)
(/usr/local/texlive/2012/texmf-dist/tex/generic/tex4ht/mathplayer.4ht
version 2008-09-27-22:19
))
(/usr/local/texlive/2012/texmf-dist/tex/generic/tex4ht/amssymb.4ht
version 2009-05-21-09:32

(/usr/local/texlive/2012/texmf-dist/tex/generic/tex4ht/html4.4ht
version 2009-05-18-23:01
)
(/usr/local/texlive/2012/texmf-dist/tex/generic/tex4ht/unicode.4ht
version 2010-12-18-17:40
)
(/usr/local/texlive/2012/texmf-dist/tex/generic/tex4ht/mathml.4ht
version 2009-04-18-11:08
 [111]
[112] [113] [114] [115] [116] [117] [118] [119] [120] [121] [122] [123]
[124] [125] [126] [127] [128] [129] [130] [131] [132] [133] [134] [135]
[136] [137] [138] [139] [140] [141] [142] [143] [144] [145] [146] [147]
[148] [149] [150] [151] [152] [153] [154] [155] [156] [157] [158] [159]
[160] [161] [162] [163] [164] [165] [166] [167] [168] [169] [170] [171]
[172] [173] [174] [175] [176] [177] [178] [179] [180] [181] [182] [183]
[184] [185] [186] [187] [188] [189] [190] [191] [192] [193] [194] [195]
[196] [197] [198] [199] [200] [201] [202] [203] [204] [205] [206] [207]
[208] [209] [210] [211] [212] [213] [214] [215] [216] [217] [218] [219]
[220] [221] [222] [223] [224] [225] [226] [227] [228] [229] [230] [231]
[232] [233] [234] [235] [236] [237] [238] [239] [240] [241] [242] [243]
[244] [245] [246] [247] [248] [249] [250] [251] [252] [253] [254] [255]
[256] [257] [258] [259] [260] [261] [262] [263] [264] [265] [266] [267]
[268] [269] [270] [271] [272] [273] [274] [275] [276] [277] [278] [279]
[280] [281] [282] [283] [284] [285] [286] [287] [288] [289] [290] [291]
[292] [293] [294] [295] [296] [297] [298] [299] [300] [301] [302] [303]
[304] [305] [306] [307] [308] [309] [310] [311] [312] [313] [314])
(/usr/local/texlive/2012/texmf-dist/tex/generic/tex4ht/html-mml.4ht
version 2009-04-18-11:08
)
(/usr/local/texlive/2012/texmf-dist/tex/generic/tex4ht/mozilla.4ht
version 2008-01-02-08:15
)
(/usr/local/texlive/2012/texmf-dist/tex/generic/tex4ht/mathplayer.4ht
version 2008-09-27-22:19
))
(/usr/local/texlive/2012/texmf-dist/tex/generic/tex4ht/amsfonts.4ht
version 2009-05-21-09:32

(/usr/local/texlive/2012/texmf-dist/tex/generic/tex4ht/html4.4ht
version 2009-05-18-23:01
)
(/usr/local/texlive/2012/texmf-dist/tex/generic/tex4ht/unicode.4ht
version 2010-12-18-17:40
)
(/usr/local/texlive/2012/texmf-dist/tex/generic/tex4ht/mathml.4ht
version 2009-04-18-11:08
)
(/usr/local/texlive/2012/texmf-dist/tex/generic/tex4ht/html-mml.4ht
version 2009-04-18-11:08
)
(/usr/local/texlive/2012/texmf-dist/tex/generic/tex4ht/mozilla.4ht
version 2008-01-02-08:15
 [315]
[316] [317] [318] [319] [320] [321] [322] [323] [324] [325] [326] [327]
[328] [329] [330] [331] [332] [333] [334] [335] [336] [337]
LaTeX Font Info:    Try loading font information for U+euf on input line 517.

(/usr/local/texlive/2012/texmf-dist/tex/latex/amsfonts/ueuf.fd
File: ueuf.fd 2009/06/22 v3.00 Euler Fraktur
) [338] [339]
[340] [341] [342] [343] [344] [345] [346] [347] [348] [349] [350] [351]
[352] [353] [354] [355] [356] [357] [358] [359] [360] [361] [362] [363]
[364] [365] [366] [367] [368] [369] [370] [371] [372] [373] [374] [375]
[376] [377] [378] [379] [380] [381] [382] [383] [384] [385] [386] [387]
[388] [389] [390] [391] [392] [393] [394] [395] [396] [397] [398] [399]
[400] [401] [402] [403] [404] [405] [406] [407] [408] [409] [410] [411]
[412] [413] [414] [415] [416] [417] [418] [419] [420] [421] [422] [423]
[424] [425] [426] [427] [428] [429] [430] [431] [432] [433] [434] [435]
[436] [437] [438] [439] [440] [441] [442] [443] [444] [445] [446] [447]
[448] [449] [450] [451])
(/usr/local/texlive/2012/texmf-dist/tex/generic/tex4ht/mathplayer.4ht
version 2008-09-27-22:19
))
(/usr/local/texlive/2012/texmf-dist/tex/generic/tex4ht/xcolor.4ht
version 2009-05-21-09:32

(/usr/local/texlive/2012/texmf-dist/tex/generic/tex4ht/color.4ht
version 2009-05-21-09:32
)
(/usr/local/texlive/2012/texmf-dist/tex/generic/tex4ht/html4.4ht
version 2009-05-18-23:01
)
(/usr/local/texlive/2012/texmf-dist/tex/generic/tex4ht/unicode.4ht
version 2010-12-18-17:40
)
(/usr/local/texlive/2012/texmf-dist/tex/generic/tex4ht/mathml.4ht
version 2009-04-18-11:08
)
(/usr/local/texlive/2012/texmf-dist/tex/generic/tex4ht/html-mml.4ht
version 2009-04-18-11:08
)
(/usr/local/texlive/2012/texmf-dist/tex/generic/tex4ht/mozilla.4ht
version 2008-01-02-08:15
)
(/usr/local/texlive/2012/texmf-dist/tex/generic/tex4ht/mathplayer.4ht
version 2008-09-27-22:19
))
(/usr/local/texlive/2012/texmf-dist/tex/generic/tex4ht/dvips.4ht
version 2009-05-21-09:32

(/usr/local/texlive/2012/texmf-dist/tex/generic/tex4ht/html4.4ht
version 2009-05-18-23:01
)
(/usr/local/texlive/2012/texmf-dist/tex/generic/tex4ht/unicode.4ht
version 2010-12-18-17:40
)
(/usr/local/texlive/2012/texmf-dist/tex/generic/tex4ht/mathml.4ht
version 2009-04-18-11:08
)
(/usr/local/texlive/2012/texmf-dist/tex/generic/tex4ht/html-mml.4ht
version 2009-04-18-11:08
)
(/usr/local/texlive/2012/texmf-dist/tex/generic/tex4ht/mozilla.4ht
version 2008-01-02-08:15
)
(/usr/local/texlive/2012/texmf-dist/tex/generic/tex4ht/mathplayer.4ht
version 2008-09-27-22:19
))
(/usr/local/texlive/2012/texmf-dist/tex/generic/tex4ht/graphicx.4ht
version 2009-05-21-09:32

(/usr/local/texlive/2012/texmf-dist/tex/generic/tex4ht/html4.4ht
version 2009-05-18-23:01
)
(/usr/local/texlive/2012/texmf-dist/tex/generic/tex4ht/unicode.4ht
version 2010-12-18-17:40
)
(/usr/local/texlive/2012/texmf-dist/tex/generic/tex4ht/mathml.4ht
version 2009-04-18-11:08
)
(/usr/local/texlive/2012/texmf-dist/tex/generic/tex4ht/html-mml.4ht
version 2009-04-18-11:08
)
(/usr/local/texlive/2012/texmf-dist/tex/generic/tex4ht/mozilla.4ht
version 2008-01-02-08:15
)
(/usr/local/texlive/2012/texmf-dist/tex/generic/tex4ht/mathplayer.4ht
version 2008-09-27-22:19
))
(/usr/local/texlive/2012/texmf-dist/tex/generic/tex4ht/graphics.4ht
version 2009-05-21-09:32

(/usr/local/texlive/2012/texmf-dist/tex/generic/tex4ht/html4.4ht
version 2009-05-18-23:01
--------------------------------------
--- Note --- if included graphics are of degraded quality, try the command line
 options `graphics-num' or `graphics-'. The `num' should provide the density of
 pixels in the bitmaps (e.g., 110). 
--------------------------------------
--------------------------------------
--- Note --- for key dimensions try the option `Gin-dim'; for key dimensions wh
en bounding box is unavailable try `Gin-dim+'; neither is recommended
--------------------------------------
)
(/usr/local/texlive/2012/texmf-dist/tex/generic/tex4ht/unicode.4ht
version 2010-12-18-17:40
)
(/usr/local/texlive/2012/texmf-dist/tex/generic/tex4ht/mathml.4ht
version 2009-04-18-11:08
)
(/usr/local/texlive/2012/texmf-dist/tex/generic/tex4ht/html-mml.4ht
version 2009-04-18-11:08
)
(/usr/local/texlive/2012/texmf-dist/tex/generic/tex4ht/mozilla.4ht
version 2008-01-02-08:15
)
(/usr/local/texlive/2012/texmf-dist/tex/generic/tex4ht/mathplayer.4ht
version 2008-09-27-22:19
))
(/usr/local/texlive/2012/texmf-dist/tex/generic/tex4ht/natbib.4ht
version 2009-05-21-09:32

(/usr/local/texlive/2012/texmf-dist/tex/generic/tex4ht/html4.4ht
version 2009-05-18-23:01
)
(/usr/local/texlive/2012/texmf-dist/tex/generic/tex4ht/unicode.4ht
version 2010-12-18-17:40
)
(/usr/local/texlive/2012/texmf-dist/tex/generic/tex4ht/mathml.4ht
version 2009-04-18-11:08
)
(/usr/local/texlive/2012/texmf-dist/tex/generic/tex4ht/html-mml.4ht
version 2009-04-18-11:08
)
(/usr/local/texlive/2012/texmf-dist/tex/generic/tex4ht/mozilla.4ht
version 2008-01-02-08:15
)
(/usr/local/texlive/2012/texmf-dist/tex/generic/tex4ht/mathplayer.4ht
version 2008-09-27-22:19
))
(/usr/local/texlive/2012/texmf-dist/tex/generic/tex4ht/html4.4ht
version 2009-05-18-23:01
)
(/usr/local/texlive/2012/texmf-dist/tex/generic/tex4ht/unicode.4ht
version 2010-12-18-17:40
)
(/usr/local/texlive/2012/texmf-dist/tex/generic/tex4ht/mathml.4ht
version 2009-04-18-11:08
)
(/usr/local/texlive/2012/texmf-dist/tex/generic/tex4ht/html-mml.4ht
version 2009-04-18-11:08
)
(/usr/local/texlive/2012/texmf-dist/tex/generic/tex4ht/mozilla.4ht
version 2008-01-02-08:15
)
(/usr/local/texlive/2012/texmf-dist/tex/generic/tex4ht/mathplayer.4ht
version 2008-09-27-22:19
))
(./post.effect.aux)
\openout1 = `post.effect.aux'.

LaTeX Font Info:    Checking defaults for OML/cmm/m/it on input line 73.
LaTeX Font Info:    ... okay on input line 73.
LaTeX Font Info:    Checking defaults for T1/cmr/m/n on input line 73.
LaTeX Font Info:    ... okay on input line 73.
LaTeX Font Info:    Checking defaults for OT1/cmr/m/n on input line 73.
LaTeX Font Info:    ... okay on input line 73.
LaTeX Font Info:    Checking defaults for OMS/cmsy/m/n on input line 73.
LaTeX Font Info:    ... okay on input line 73.
LaTeX Font Info:    Checking defaults for OMX/cmex/m/n on input line 73.
LaTeX Font Info:    ... okay on input line 73.
LaTeX Font Info:    Checking defaults for U/cmr/m/n on input line 73.
LaTeX Font Info:    ... okay on input line 73.

*geometry* driver: auto-detecting
*geometry* detected driver: dvips
*geometry* verbose mode - [ preamble ] result:
* driver: dvips
* paper: <default>
* layout: <same size as paper>
* layoutoffset:(h,v)=(0.0pt,0.0pt)
* modes: 
* h-part:(L,W,R)=(108.405pt, 397.485pt, 108.405pt)
* v-part:(T,H,B)=(108.405pt, 578.15999pt, 108.405pt)
* \paperwidth=614.295pt
* \paperheight=794.96999pt
* \textwidth=397.485pt
* \textheight=578.15999pt
* \oddsidemargin=0.0pt
* \evensidemargin=0.0pt
* \topmargin=-0.86499pt
* \headheight=12.0pt
* \headsep=25.0pt
* \topskip=12.0pt
* \footskip=30.0pt
* \marginparwidth=44.0pt
* \marginparsep=10.0pt
* \columnsep=10.0pt
* \skip\footins=10.8pt plus 4.0pt minus 2.0pt
* \hoffset=0.0pt
* \voffset=0.0pt
* \mag=1000
* \@twocolumnfalse
* \@twosidefalse
* \@mparswitchfalse
* \@reversemarginfalse
* (1in=72.27pt=25.4mm, 1cm=28.453pt)

--- file post.effect.css ---
! Missing $ inserted.
<inserted text> 
                $
l.74 ...ibution on \trueb: Motivating the problem}
                                                  
? 
! Extra }, or forgotten $.
\math@atom #1#2->\binrel@ {#1}\binrel@@ {#2}
                                            
l.74 ...ibution on \trueb: Motivating the problem}
                                                  
? 
! Missing $ inserted.
<inserted text> 
                $
l.74 ...ibution on \trueb: Motivating the problem}
                                                  
? 
! Missing } inserted.
<inserted text> 
                }
l.74 ...ibution on \trueb: Motivating the problem}
                                                  
? 
! Limit controls must follow a math operator.
\n:limits: ->\o:limits: 
                        \:l:mits 
l.78  \Pr
         (\boldsymbol{\beta} \given D)=\sum_{m=1}^M \Pr(\boldsymbol{\beta} \...

? 
! Limit controls must follow a math operator.
\n:limits: ->\o:limits: 
                        \:l:mits 
l.78 ...ldsymbol{\beta} \given D)=\sum_{m=1}^M \Pr
                                                  (\boldsymbol{\beta} \given...

? 
[1]

! LaTeX Error: \mathbf allowed only in math mode.

See the LaTeX manual or LaTeX Companion for explanation.
Type  H <return>  for immediate help.
 ...                                              
                                                  
l.90 ... we assume that the variance matrices $\Wm
                                                  $ are known and estimates ...

? 
! Missing $ inserted.
<inserted text> 
                $
l.90 ... we assume that the variance matrices $\Wm
                                                  $ are known and estimates ...

? 
! Undefined control sequence.
<argument> \Vm 
               
l.96 Let $\mathbf \Vm
                     = \bf Var(\hat{\boldsymbol{\beta}})$ and $\Wm = \mathbf...

? 
[2]
! Undefined control sequence.
<recently read> \hatb 
                      
l.104 Recognizing that we can use $\hatb
                                        $ as a sufficient statistic to summa...

? 
! Limit controls must follow a math operator.
\n:limits: ->\o:limits: 
                        \:l:mits 
l.108 \Pr
         (D \given Z = m) &=& \Pr(\hat \beta \given Z = m)\\
? 
! Limit controls must follow a math operator.
\n:limits: ->\o:limits: 
                        \:l:mits 
l.108 \Pr(D \given Z = m) &=& \Pr
                                 (\hat \beta \given Z = m)\\
? 
! Limit controls must follow a math operator.
\n:limits: ->\o:limits: 
                        \:l:mits 
l.110 \Pr
          (\hat \beta \given Z = m) &=&{(2\pi)^{-k/2}  |  \Var+  \Wm|^{\frac...

? 
! Missing } inserted.
<inserted text> 
                }
l.111 \end{eqnarray}
                    
? 
[3]
! Limit controls must follow a math operator.
\n:limits: ->\o:limits: 
                        \:l:mits 
l.115 \Pr
         (\boldsymbol{\beta} \given D, Z = m) &\propto& \like(\boldsymbol{\b...

? 
! Limit controls must follow a math operator.
\n:limits: ->\o:limits: 
                        \:l:mits 
l.115 ...m) &\propto& \like(\boldsymbol{\beta})\Pr
                                                  (\boldsymbol{\beta} \given...

? 
! Extra }, or forgotten $.
l.120 ...Var^{-1} + \Wm^{-1})^{-1}\Var^{-1}\bhat}}
                                                  , (\Var^{-1} + \Wm^{-1})^{...

? 
! Incomplete \ifcase; all text was ignored after line 121.
<inserted text> 
                \fi 
l.121 \end{eqnarray}
                    
? 
! Missing $ inserted.
<inserted text> 
                $
l.121 \end{eqnarray}
                    
? 
! Missing } inserted.
<inserted text> 
                }
l.121 \end{eqnarray}
                    
? 
! Extra alignment tab has been changed to \cr.
<template> \egroup \c:halign \endtemplate 
                                          
l.121 \end{eqnarray}
                    
? 
! Extra \or.
\n:@@eqncr: ...@eqcnt \def \reserved@a {& & &}\or 
                                                  \def \reserved@a {& &}\or ...
l.121 \end{eqnarray}
                    
? 
! Extra \or.
\n:@@eqncr: ... & &}\or \def \reserved@a {& &}\or 
                                                  \def \reserved@a {&}\else ...
l.121 \end{eqnarray}
                    
? 
Runaway definition?
->\egroup \c:halign 
! Forbidden control sequence found while scanning definition of \reserved@a.
<inserted text> 
                }
l.121 \end{eqnarray}
                    
? 
! Missing } inserted.
<inserted text> 
                }
l.121 \end{eqnarray}
                    
? 
! Extra alignment tab has been changed to \cr.
<recently read> \endtemplate 
                             
l.121 \end{eqnarray}
                    
? 
! Extra \else.
\n:@@eqncr: ...{& &}\or \def \reserved@a {&}\else 
                                                  \let \reserved@a \@empty \...
l.121 \end{eqnarray}
                    
? 
! Missing $$ inserted.
<to be read again> 
                   \begingroup 
l.121 \end{eqnarray}
                    
? 

! LaTeX Error: Too many columns in eqnarray environment.

See the LaTeX manual or LaTeX Companion for explanation.
Type  H <return>  for immediate help.
 ...                                              
                                                  
l.121 \end{eqnarray}
                    
? 
! Extra \fi.
\n:@@eqncr: ... in eqnarray environment}\@ehc \fi 
                                                  \reserved@a \if@eqnsw \@eq...
l.121 \end{eqnarray}
                    
? 
! Illegal parameter number in definition of \relax:shrp.
<to be read again> 
                   \relax 
l.121 \end{eqnarray}
                    
? 
! Illegal parameter number in definition of \:temp.
<to be read again> 
                   }
l.121 \end{eqnarray}
                    
? 
! Illegal parameter number in definition of \:temp.
<to be read again> 
                   }
l.121 \end{eqnarray}
                    
? 
! Illegal parameter number in definition of \:temp.
<to be read again> 
                   \egroup 
l.121 \end{eqnarray}
                    
? 
! Illegal parameter number in definition of \:temp.
<to be read again> 
                   }
l.121 \end{eqnarray}
                    
? 
! Illegal parameter number in definition of \new:halign.
<to be read again> 
                   }
l.121 \end{eqnarray}
                    
? 
! Illegal parameter number in definition of \:temp.
<to be read again> 
                   }
l.121 \end{eqnarray}
                    
? 
! Illegal parameter number in definition of \:temp.
<to be read again> 
                   \egroup 
l.121 \end{eqnarray}
                    
? 
! Illegal parameter number in definition of \:temp.
<to be read again> 
                   }
l.121 \end{eqnarray}
                    
? 
! Illegal parameter number in definition of \new:halign.
<to be read again> 
                   }
l.121 \end{eqnarray}
                    
? 
! Illegal parameter number in definition of \new:halign.
<to be read again> 
                   }
l.121 \end{eqnarray}
                    
? 
! Illegal parameter number in definition of \:temp.
<to be read again> 
                   \egroup 
l.121 \end{eqnarray}
                    
? 
! Illegal parameter number in definition of \:temp.
<to be read again> 
                   }
l.121 \end{eqnarray}
                    
? 
! Illegal parameter number in definition of \new:halign.
<to be read again> 
                   }
l.121 \end{eqnarray}
                    
? 
! Illegal parameter number in definition of \new:halign.
<to be read again> 
                   }
l.121 \end{eqnarray}
                    
? 
! Illegal parameter number in definition of \new:halign.
<to be read again> 
                   }
l.121 \end{eqnarray}
                    
? 
! Illegal parameter number in definition of \new:halign.
<to be read again> 
                   }
l.121 \end{eqnarray}
                    
? 
! Illegal parameter number in definition of \new:halign.
<to be read again> 
                   }
l.121 \end{eqnarray}
                    
? 
! Illegal parameter number in definition of \new:halign.
<to be read again> 
                   }
l.121 \end{eqnarray}
                    
? 
! Illegal parameter number in definition of \new:halign.
<to be read again> 
                   \egroup 
l.121 \end{eqnarray}
                    
? 
! Missing } inserted.
<inserted text> 
                }
l.121 \end{eqnarray}
                    
? 
! Missing $ inserted.
<inserted text> 
                $
l.121 \end{eqnarray}
                    
? 
! Display math should end with $$.
<to be read again> 
                   \par 
l.121 \end{eqnarray}
                    
? 
[4] [5]
No file post.effect.bbl.

! LaTeX Error: \begin{eqnarray} on input line 119 ended by \end{document}.

See the LaTeX manual or LaTeX Companion for explanation.
Type  H <return>  for immediate help.
 ...                                              
                                                  
l.142 \end{document}
                    
? 
[6] (./post.effect.aux) )
(\end occurred inside a group at level 1)

### semi simple group (level 1) entered at line 119 (\begingroup)
### bottom level 
Here is how much of TeX's memory you used:
 7600 strings out of 493489
 98703 string characters out of 3141349
 297100 words of memory out of 3000000
 10564 multiletter control sequences out of 15000+200000
 14748 words of font info for 55 fonts, out of 3000000 for 9000
 957 hyphenation exceptions out of 8191
 35i,18n,38p,1004b,362s stack positions out of 5000i,500n,10000p,200000b,50000s

Output written on post.effect.dvi (457 pages, 151632 bytes).
